<?xml version="1.0" encoding="UTF-8"?>
<!-- Generated by org.testng.reporters.JUnitReportReporter -->
<testsuite hostname="ASDP1498PO01976" name="Qainfotech.SendMailMaven.NewTest" tests="1" failures="0" timestamp="11 Jul 2019 04:38:15 GMT" time="0.395" errors="0">
  <testcase name="verifysum" time="0.395" classname="Qainfotech.SendMailMaven.NewTest"/>
</testsuite> <!-- Qainfotech.SendMailMaven.NewTest -->
